1599667048.062982 client started (86236): version 3.1b, socket /private/tmp/tmux-501/default, protocol 8
1599667048.063111 on Darwin 19.6.0 Darwin Kernel Version 19.6.0: Thu Jun 18 20:49:00 PDT 2020; root:xnu-6153.141.1~1/RELEASE_X86_64; libevent 2.1.12-stable (select)
1599667048.063165 socket is /private/tmp/tmux-501/default
1599667048.063188 trying connect
1599667048.063275 add peer 0x7fa533d31000: 6 (0x0)
1599667048.064559 sending message 100 to peer 0x7fa533d31000 (4 bytes)
1599667048.064583 sending message 101 to peer 0x7fa533d31000 (15 bytes)
1599667048.064593 sending message 102 to peer 0x7fa533d31000 (13 bytes)
1599667048.064602 sending message 108 to peer 0x7fa533d31000 (26 bytes)
1599667048.064622 sending message 104 to peer 0x7fa533d31000 (0 bytes)
1599667048.064632 sending message 107 to peer 0x7fa533d31000 (4 bytes)
1599667048.064640 sending message 105 to peer 0x7fa533d31000 (29 bytes)
1599667048.064649 sending message 105 to peer 0x7fa533d31000 (64 bytes)
1599667048.064657 sending message 105 to peer 0x7fa533d31000 (19 bytes)
1599667048.064665 sending message 105 to peer 0x7fa533d31000 (15 bytes)
1599667048.064673 sending message 105 to peer 0x7fa533d31000 (20 bytes)
1599667048.064682 sending message 105 to peer 0x7fa533d31000 (23 bytes)
1599667048.064690 sending message 105 to peer 0x7fa533d31000 (46 bytes)
1599667048.064698 sending message 105 to peer 0x7fa533d31000 (39 bytes)
1599667048.064707 sending message 105 to peer 0x7fa533d31000 (23 bytes)
1599667048.064715 sending message 105 to peer 0x7fa533d31000 (54 bytes)
1599667048.064723 sending message 105 to peer 0x7fa533d31000 (14 bytes)
1599667048.064732 sending message 105 to peer 0x7fa533d31000 (22 bytes)
1599667048.064740 sending message 105 to peer 0x7fa533d31000 (75 bytes)
1599667048.064748 sending message 105 to peer 0x7fa533d31000 (21 bytes)
1599667048.064756 sending message 105 to peer 0x7fa533d31000 (19 bytes)
1599667048.064765 sending message 105 to peer 0x7fa533d31000 (61 bytes)
1599667048.064773 sending message 105 to peer 0x7fa533d31000 (17 bytes)
1599667048.064781 sending message 105 to peer 0x7fa533d31000 (19 bytes)
1599667048.064789 sending message 105 to peer 0x7fa533d31000 (27 bytes)
1599667048.064798 sending message 105 to peer 0x7fa533d31000 (8 bytes)
1599667048.064806 sending message 105 to peer 0x7fa533d31000 (17 bytes)
1599667048.064814 sending message 105 to peer 0x7fa533d31000 (32 bytes)
1599667048.064822 sending message 105 to peer 0x7fa533d31000 (56 bytes)
1599667048.064830 sending message 105 to peer 0x7fa533d31000 (16 bytes)
1599667048.064839 sending message 105 to peer 0x7fa533d31000 (29 bytes)
1599667048.064847 sending message 105 to peer 0x7fa533d31000 (65 bytes)
1599667048.064855 sending message 105 to peer 0x7fa533d31000 (11 bytes)
1599667048.064864 sending message 105 to peer 0x7fa533d31000 (685 bytes)
1599667048.064872 sending message 105 to peer 0x7fa533d31000 (30 bytes)
1599667048.064880 sending message 105 to peer 0x7fa533d31000 (15 bytes)
1599667048.064889 sending message 105 to peer 0x7fa533d31000 (8 bytes)
1599667048.064897 sending message 105 to peer 0x7fa533d31000 (66 bytes)
1599667048.064905 sending message 105 to peer 0x7fa533d31000 (20 bytes)
1599667048.064914 sending message 105 to peer 0x7fa533d31000 (23 bytes)
1599667048.064922 sending message 105 to peer 0x7fa533d31000 (28 bytes)
1599667048.064930 sending message 105 to peer 0x7fa533d31000 (60 bytes)
1599667048.064939 sending message 105 to peer 0x7fa533d31000 (57 bytes)
1599667048.064947 sending message 105 to peer 0x7fa533d31000 (42 bytes)
1599667048.064955 sending message 105 to peer 0x7fa533d31000 (13 bytes)
1599667048.064963 sending message 105 to peer 0x7fa533d31000 (56 bytes)
1599667048.064972 sending message 105 to peer 0x7fa533d31000 (14 bytes)
1599667048.064982 sending message 105 to peer 0x7fa533d31000 (14 bytes)
1599667048.064993 sending message 105 to peer 0x7fa533d31000 (19 bytes)
1599667048.065004 sending message 105 to peer 0x7fa533d31000 (31 bytes)
1599667048.065014 sending message 105 to peer 0x7fa533d31000 (11 bytes)
1599667048.065024 sending message 105 to peer 0x7fa533d31000 (7 bytes)
1599667048.065061 sending message 105 to peer 0x7fa533d31000 (32 bytes)
1599667048.065068 sending message 105 to peer 0x7fa533d31000 (33 bytes)
1599667048.065073 sending message 105 to peer 0x7fa533d31000 (19 bytes)
1599667048.065079 sending message 105 to peer 0x7fa533d31000 (15 bytes)
1599667048.065084 sending message 105 to peer 0x7fa533d31000 (22 bytes)
1599667048.065090 sending message 106 to peer 0x7fa533d31000 (0 bytes)
1599667048.065099 sending message 200 to peer 0x7fa533d31000 (4 bytes)
1599667048.065105 client loop enter
1599667048.065413 peer 0x7fa533d31000 message 303
1599667048.065429 open write file 2 -
1599667048.065457 sending message 305 to peer 0x7fa533d31000 (8 bytes)
1599667048.065570 peer 0x7fa533d31000 message 304
1599667048.065580 write 58 to file 2
1599667048.065602 peer 0x7fa533d31000 message 203
1599667048.065610 file 2 58 bytes left
1599667048.065643 client loop exit
